2025-03-03T13:50:39.938Z [INFO]: Connected to MongoDB
2025-03-03T13:52:14.661Z [INFO]: Connected to MongoDB
2025-03-03T13:52:56.711Z [INFO]: Connected to MongoDB
2025-03-03T13:55:17.845Z [INFO]: Connected to MongoDB
2025-03-03T13:56:12.468Z [INFO]: Connected to MongoDB
2025-03-03T13:56:36.665Z [INFO]: Connected to MongoDB
2025-03-03T13:57:08.018Z [INFO]: Connected to MongoDB
2025-03-03T13:57:35.447Z [INFO]: Connected to MongoDB
2025-03-03T13:58:28.039Z [INFO]: Connected to MongoDB
2025-03-03T14:00:17.993Z [INFO]: Connected to MongoDB
2025-03-03T14:00:55.875Z [INFO]: Server running on port 4000
2025-03-03T14:00:55.914Z [INFO]: Connected to MongoDB
2025-03-03T14:01:27.667Z [INFO]: Server running on port 4000
2025-03-03T14:01:27.700Z [INFO]: Connected to MongoDB
2025-03-03T14:03:03.745Z [INFO]: Connected to MongoDB
2025-03-03T14:04:24.049Z [INFO]: Server running on port 4000
2025-03-03T14:04:24.133Z [INFO]: Connected to MongoDB
2025-03-03T14:09:03.815Z [INFO]: Server running on port 4000
2025-03-03T14:09:03.847Z [INFO]: Connected to MongoDB
2025-03-03T14:14:55.778Z [INFO]: Server running on port 4000
2025-03-03T14:14:55.834Z [INFO]: Connected to MongoDB
2025-03-03T14:26:19.503Z [INFO]: Server running on port 4000
2025-03-03T14:26:19.546Z [INFO]: Connected to MongoDB
2025-03-03T14:26:54.924Z [INFO]: Server running on port 4000
2025-03-03T14:26:54.972Z [INFO]: Connected to MongoDB
2025-03-03T14:29:05.000Z [INFO]: Server running on port 4000
2025-03-03T14:29:05.052Z [INFO]: Connected to MongoDB
2025-03-03T14:30:04.716Z [INFO]: Server running on port 4000
2025-03-03T14:30:04.753Z [INFO]: Connected to MongoDB
2025-03-03T14:31:02.927Z [INFO]: Server running on port 4000
2025-03-03T14:31:02.956Z [INFO]: Connected to MongoDB
2025-03-03T14:35:09.200Z [INFO]: Server running on port 4000
2025-03-03T14:35:09.240Z [INFO]: Connected to MongoDB
2025-03-03T14:35:34.217Z [INFO]: Server running on port 4000
2025-03-03T14:35:34.272Z [INFO]: Connected to MongoDB
2025-03-03T14:36:27.992Z [INFO]: Server running on port 4000
2025-03-03T14:36:28.038Z [INFO]: Connected to MongoDB
2025-03-03T14:51:56.454Z [INFO]: Server running on port 4000
2025-03-03T14:51:56.513Z [INFO]: Connected to MongoDB
2025-03-03T15:48:13.068Z [INFO]: Server running on port 4000
2025-03-03T15:48:13.153Z [INFO]: Connected to MongoDB
2025-03-03T15:49:19.650Z [INFO]: Server running on port 4000
2025-03-03T15:49:19.694Z [INFO]: Connected to MongoDB
2025-03-03T15:49:46.054Z [INFO]: Server running on port 4000
2025-03-03T15:49:46.094Z [INFO]: Connected to MongoDB
2025-03-03T15:49:52.968Z [INFO]: Server running on port 4000
2025-03-03T15:49:53.007Z [INFO]: Connected to MongoDB
2025-03-03T15:50:25.700Z [INFO]: Server running on port 4000
2025-03-03T15:50:25.742Z [INFO]: Connected to MongoDB
2025-03-03T15:51:00.450Z [INFO]: Server running on port 4000
2025-03-03T15:51:00.483Z [INFO]: Connected to MongoDB
2025-03-03T15:57:31.168Z [INFO]: Server running on port 4000
2025-03-03T15:57:31.207Z [INFO]: Connected to MongoDB
2025-03-03T15:57:49.985Z [INFO]: Server running on port 4000
2025-03-03T15:57:50.021Z [INFO]: Connected to MongoDB
2025-03-03T16:04:05.061Z [INFO]: Server running on port 4000
2025-03-03T16:04:05.116Z [INFO]: Connected to MongoDB
2025-03-03T16:04:38.328Z [INFO]: Server running on port 4000
2025-03-03T16:04:38.388Z [INFO]: Connected to MongoDB
2025-03-03T16:04:48.847Z [INFO]: Server running on port 4000
2025-03-03T16:04:48.919Z [INFO]: Connected to MongoDB
2025-03-03T16:08:35.376Z [INFO]: Server running on port 4000
2025-03-03T16:08:35.425Z [INFO]: Connected to MongoDB
2025-03-03T16:09:21.432Z [INFO]: Server running on port 4000
2025-03-03T16:09:21.473Z [INFO]: Connected to MongoDB
2025-03-03T16:09:43.988Z [INFO]: Server running on port 4000
2025-03-03T16:09:44.029Z [INFO]: Connected to MongoDB
2025-03-03T16:10:44.594Z [INFO]: Connected to MongoDB
2025-03-03T16:11:18.304Z [INFO]: Server running on port 4000
2025-03-03T16:11:18.333Z [INFO]: Connected to MongoDB
2025-03-03T16:11:33.397Z [INFO]: Server running on port 4000
2025-03-03T16:11:33.433Z [INFO]: Connected to MongoDB
2025-03-03T16:12:16.500Z [INFO]: Server running on port 4000
2025-03-03T16:12:16.531Z [INFO]: Connected to MongoDB
2025-03-03T16:13:05.835Z [INFO]: Server running on port 4000
2025-03-03T16:13:05.874Z [INFO]: Connected to MongoDB
2025-03-03T17:38:35.640Z [INFO]: Server running on port 4000
2025-03-03T17:38:35.687Z [INFO]: Connected to MongoDB
2025-03-03T17:39:11.595Z [INFO]: Server running on port 4000
2025-03-03T17:39:11.685Z [INFO]: Connected to MongoDB
2025-03-03T17:41:44.623Z [INFO]: Server running on port 4000
2025-03-03T17:41:44.682Z [INFO]: Connected to MongoDB
2025-03-03T17:42:10.490Z [INFO]: Server running on port 4000
2025-03-03T17:42:10.545Z [INFO]: Connected to MongoDB
2025-03-03T17:42:17.661Z [INFO]: Server running on port 4000
2025-03-03T17:42:17.761Z [INFO]: Connected to MongoDB
2025-03-03T17:42:33.242Z [INFO]: Server running on port 4000
2025-03-03T17:42:33.314Z [INFO]: Connected to MongoDB
2025-03-03T17:45:28.218Z [INFO]: Server running on port 4000
2025-03-03T17:45:28.259Z [INFO]: Connected to MongoDB
2025-03-03T17:45:45.069Z [INFO]: Server running on port 4000
2025-03-03T17:45:45.138Z [INFO]: Connected to MongoDB
2025-03-03T17:45:52.895Z [INFO]: Server running on port 4000
2025-03-03T17:45:52.932Z [INFO]: Connected to MongoDB
2025-03-03T17:46:03.939Z [INFO]: Server running on port 4000
2025-03-03T17:46:03.978Z [INFO]: Connected to MongoDB
2025-03-03T17:46:10.948Z [INFO]: Server running on port 4000
2025-03-03T17:46:11.013Z [INFO]: Connected to MongoDB
2025-03-03T17:47:07.260Z [INFO]: Server running on port 4000
2025-03-03T17:47:07.295Z [INFO]: Connected to MongoDB
2025-03-03T17:48:28.825Z [INFO]: Server running on port 4000
2025-03-03T17:48:28.856Z [INFO]: Connected to MongoDB
2025-03-03T17:49:05.887Z [INFO]: Server running on port 4000
2025-03-03T17:49:05.928Z [INFO]: Connected to MongoDB
2025-03-03T17:49:32.804Z [INFO]: Server running on port 4000
2025-03-03T17:49:32.868Z [INFO]: Connected to MongoDB
2025-03-03T17:51:10.817Z [INFO]: Server running on port 4000
2025-03-03T17:51:10.854Z [INFO]: Connected to MongoDB
2025-03-03T17:51:35.230Z [INFO]: Server running on port 4000
2025-03-03T17:51:35.261Z [INFO]: Connected to MongoDB
2025-03-03T17:52:46.132Z [INFO]: Server running on port 4000
2025-03-03T17:52:46.192Z [INFO]: Connected to MongoDB
2025-03-03T17:52:53.665Z [INFO]: Server running on port 4000
2025-03-03T17:52:53.709Z [INFO]: Connected to MongoDB
2025-03-03T18:06:43.023Z [INFO]: Server running on port 4000
2025-03-03T18:06:43.063Z [INFO]: Connected to MongoDB
2025-03-03T18:07:00.102Z [INFO]: Server running on port 4000
2025-03-03T18:07:00.133Z [INFO]: Connected to MongoDB
2025-03-03T18:08:08.088Z [INFO]: Server running on port 4000
2025-03-03T18:08:08.168Z [INFO]: Connected to MongoDB
2025-03-03T18:10:04.247Z [INFO]: Server running on port 4000
2025-03-03T18:10:04.303Z [INFO]: Connected to MongoDB
2025-03-03T18:10:38.412Z [INFO]: Server running on port 4000
2025-03-03T18:10:38.443Z [INFO]: Connected to MongoDB
2025-03-03T18:10:48.385Z [INFO]: Server running on port 4000
2025-03-03T18:10:48.422Z [INFO]: Connected to MongoDB
2025-03-03T18:12:36.299Z [INFO]: Server running on port 4000
2025-03-03T18:12:36.376Z [INFO]: Connected to MongoDB
2025-03-03T18:13:11.974Z [INFO]: Server running on port 4000
2025-03-03T18:13:12.012Z [INFO]: Connected to MongoDB
2025-03-03T18:14:43.270Z [INFO]: Server running on port 4000
2025-03-03T18:14:43.303Z [INFO]: Connected to MongoDB
2025-03-03T18:19:38.822Z [INFO]: Connected to MongoDB
2025-03-03T18:20:53.439Z [INFO]: Connected to MongoDB
2025-03-03T18:21:16.115Z [INFO]: Connected to MongoDB
2025-03-03T18:21:22.206Z [INFO]: Connected to MongoDB
2025-03-03T18:22:11.567Z [INFO]: Server running on port 4000
2025-03-03T18:22:11.621Z [INFO]: Connected to MongoDB
2025-03-03T18:27:48.717Z [INFO]: Server running on port 4000
2025-03-03T18:27:48.746Z [INFO]: Connected to MongoDB
2025-03-03T18:29:23.954Z [INFO]: Server running on port 4000
2025-03-03T18:29:23.988Z [INFO]: Connected to MongoDB
2025-03-03T18:30:09.493Z [INFO]: Server running on port 4000
2025-03-03T18:30:09.526Z [INFO]: Connected to MongoDB
2025-03-03T18:30:42.428Z [INFO]: Server running on port 4000
2025-03-03T18:30:42.465Z [INFO]: Connected to MongoDB
2025-03-03T18:31:40.189Z [INFO]: Server running on port 4000
2025-03-03T18:31:40.227Z [INFO]: Connected to MongoDB
2025-03-03T18:32:32.014Z [INFO]: Connected to MongoDB
2025-03-03T18:48:37.506Z [INFO]: Connected to MongoDB
2025-03-03T18:48:55.777Z [INFO]: Connected to MongoDB
2025-03-03T18:50:11.748Z [INFO]: Connected to MongoDB
2025-03-03T18:50:56.483Z [INFO]: Connected to MongoDB
2025-03-03T18:51:29.358Z [INFO]: Connected to MongoDB
2025-03-03T18:58:48.056Z [INFO]: Connected to MongoDB
2025-03-03T18:59:04.866Z [INFO]: Connected to MongoDB
2025-03-03T18:59:54.481Z [INFO]: Connected to MongoDB
2025-03-03T19:00:12.979Z [INFO]: Connected to MongoDB
2025-03-03T19:01:01.275Z [INFO]: Connected to MongoDB
2025-03-03T19:02:06.832Z [INFO]: Connected to MongoDB
2025-03-03T19:02:26.012Z [INFO]: Connected to MongoDB
2025-03-03T19:08:54.112Z [INFO]: Connected to MongoDB
2025-03-03T19:16:03.325Z [INFO]: Connected to MongoDB
2025-03-03T19:16:22.611Z [INFO]: Connected to MongoDB
2025-03-04T02:17:56.846Z [INFO]: Connected to MongoDB
2025-03-04T02:18:50.203Z [INFO]: Connected to MongoDB
2025-03-04T02:19:12.624Z [INFO]: Connected to MongoDB
2025-03-04T02:19:21.058Z [INFO]: Connected to MongoDB
2025-03-04T02:20:16.218Z [INFO]: Connected to MongoDB
2025-03-04T02:21:33.609Z [INFO]: Connected to MongoDB
2025-03-04T02:22:46.410Z [INFO]: Server running on port 4000
2025-03-04T02:22:46.439Z [INFO]: Connected to MongoDB
2025-03-04T03:35:45.867Z [INFO]: Server running on port 4000
2025-03-04T03:35:45.897Z [INFO]: Connected to MongoDB
2025-03-04T04:38:14.154Z [INFO]: Server running on port 4000
2025-03-04T04:38:14.211Z [INFO]: Connected to MongoDB
2025-03-04T04:43:40.115Z [INFO]: Server running on port 4000
2025-03-04T04:43:40.151Z [INFO]: Connected to MongoDB
2025-03-04T04:46:14.620Z [INFO]: Server running on port 4000
2025-03-04T04:46:14.701Z [INFO]: Connected to MongoDB
2025-03-04T07:03:54.364Z [INFO]: Server running on port 4000
2025-03-04T07:03:54.401Z [INFO]: Connected to MongoDB
2025-03-04T07:05:03.881Z [INFO]: Server running on port 4000
2025-03-04T07:05:03.915Z [INFO]: Connected to MongoDB
2025-03-04T07:10:07.652Z [INFO]: Server running on port 4000
2025-03-04T07:10:07.688Z [INFO]: Connected to MongoDB
2025-03-04T07:16:43.610Z [INFO]: Server running on port 4000
2025-03-04T07:16:43.640Z [INFO]: Connected to MongoDB
2025-03-04T07:17:37.803Z [INFO]: Server running on port 4000
2025-03-04T07:17:37.837Z [INFO]: Connected to MongoDB
2025-03-04T07:28:58.997Z [INFO]: Server running on port 4000
2025-03-04T07:28:59.049Z [INFO]: Connected to MongoDB
2025-03-04T07:29:50.124Z [INFO]: Server running on port 4000
2025-03-04T07:29:50.176Z [INFO]: Connected to MongoDB
2025-03-04T07:29:59.723Z [INFO]: Server running on port 4000
2025-03-04T07:29:59.762Z [INFO]: Connected to MongoDB
2025-03-04T07:34:00.566Z [INFO]: Server running on port 4000
2025-03-04T07:34:00.610Z [INFO]: Connected to MongoDB
2025-03-04T07:38:48.967Z [INFO]: Connected to MongoDB
2025-03-04T07:39:03.674Z [INFO]: Connected to MongoDB
2025-03-04T07:39:57.537Z [INFO]: Connected to MongoDB
2025-03-04T07:40:00.948Z [INFO]: Connected to MongoDB
2025-03-04T07:43:32.788Z [INFO]: Server running on port 4000
2025-03-04T07:43:32.853Z [INFO]: Connected to MongoDB
2025-03-04T08:04:39.240Z [INFO]: Server running on port 4000
2025-03-04T08:04:39.275Z [INFO]: Connected to MongoDB
2025-03-04T08:07:43.331Z [INFO]: Server running on port 4000
2025-03-04T08:07:43.374Z [INFO]: Connected to MongoDB
2025-03-04T09:29:18.337Z [INFO]: Server running on port 4000
2025-03-04T09:29:18.430Z [INFO]: Connected to MongoDB
2025-03-04T09:58:50.844Z [INFO]: Server running on port 4000
2025-03-04T09:58:50.903Z [INFO]: Connected to MongoDB
2025-03-04T09:59:48.379Z [INFO]: Connected to MongoDB
2025-03-04T10:00:09.929Z [INFO]: Connected to MongoDB
2025-03-04T11:29:41.021Z [INFO]: Connected to MongoDB
2025-03-04T11:30:12.379Z [INFO]: Connected to MongoDB
2025-03-04T11:30:22.688Z [INFO]: Connected to MongoDB
2025-03-04T11:30:46.669Z [INFO]: Server running on port 4000
2025-03-04T11:30:46.714Z [INFO]: Connected to MongoDB
2025-03-04T15:39:50.582Z [INFO]: Server running on port 4000
2025-03-04T15:39:50.638Z [INFO]: Connected to MongoDB
2025-03-04T15:41:31.068Z [INFO]: Server running on port 4000
2025-03-04T15:41:31.113Z [INFO]: Connected to MongoDB
2025-03-04T15:42:41.283Z [INFO]: Server running on port 4000
2025-03-04T15:42:41.330Z [INFO]: Connected to MongoDB
2025-03-04T15:49:54.942Z [INFO]: Server running on port 4000
2025-03-04T15:49:54.981Z [INFO]: Connected to MongoDB
2025-03-04T15:50:20.397Z [INFO]: Server running on port 4000
2025-03-04T15:50:20.439Z [INFO]: Connected to MongoDB
2025-03-04T15:50:49.707Z [INFO]: Server running on port 4000
2025-03-04T15:50:49.862Z [INFO]: Connected to MongoDB
2025-03-04T15:51:01.525Z [INFO]: Connected to MongoDB
2025-03-04T15:51:14.998Z [INFO]: Server running on port 4000
2025-03-04T15:51:15.062Z [INFO]: Connected to MongoDB
2025-03-04T15:52:02.753Z [INFO]: Server running on port 4000
2025-03-04T15:52:02.788Z [INFO]: Connected to MongoDB
2025-03-04T15:52:33.715Z [INFO]: Server running on port 4000
2025-03-04T15:52:33.763Z [INFO]: Connected to MongoDB
2025-03-04T16:16:20.609Z [INFO]: Server running on port 4000
2025-03-04T16:16:20.988Z [INFO]: Connected to MongoDB
2025-03-04T16:27:05.231Z [INFO]: Server running on port 4000
2025-03-04T16:27:05.278Z [INFO]: Connected to MongoDB
2025-03-05T02:42:49.944Z [INFO]: Server running on port 4000
2025-03-05T02:42:49.978Z [INFO]: Connected to MongoDB
2025-03-05T02:50:27.219Z [INFO]: Server running on port 4000
2025-03-05T02:50:27.860Z [INFO]: Connected to MongoDB
2025-03-05T03:08:56.950Z [INFO]: Server running on port 4000
2025-03-05T03:08:56.986Z [INFO]: Connected to MongoDB
2025-03-05T03:14:34.110Z [INFO]: Server running on port 4000
2025-03-05T03:14:34.141Z [INFO]: Connected to MongoDB
2025-03-05T03:18:36.551Z [ERROR]: Expected double-quoted property name in JSON at position 65 (line 4 column 1) Expected double-quoted property name in JSON at position 65 (line 4 column 1)
2025-03-05T03:20:12.402Z [INFO]: Server running on port 4000
2025-03-05T03:20:12.437Z [INFO]: Connected to MongoDB
2025-03-05T03:22:14.573Z [INFO]: Server running on port 4000
2025-03-05T03:22:14.611Z [INFO]: Connected to MongoDB
2025-03-05T03:28:02.143Z [INFO]: Server running on port 4000
2025-03-05T03:28:02.179Z [INFO]: Connected to MongoDB
2025-03-05T03:29:49.842Z [INFO]: Server running on port 4000
2025-03-05T03:29:49.877Z [INFO]: Connected to MongoDB
2025-03-05T03:32:58.464Z [INFO]: Server running on port 4000
2025-03-05T03:32:58.535Z [INFO]: Connected to MongoDB
2025-03-05T03:35:21.249Z [INFO]: Server running on port 4000
2025-03-05T03:35:21.281Z [INFO]: Connected to MongoDB
2025-03-05T03:35:54.355Z [INFO]: Server running on port 4000
2025-03-05T03:35:54.401Z [INFO]: Connected to MongoDB
2025-03-05T03:41:06.662Z [INFO]: Server running on port 4000
2025-03-05T03:41:06.695Z [INFO]: Connected to MongoDB
2025-03-05T05:09:44.123Z [INFO]: Server running on port 4000
2025-03-05T05:09:44.478Z [INFO]: Connected to MongoDB
2025-03-05T05:53:11.473Z [INFO]: Server running on port 4000
2025-03-05T05:53:11.845Z [INFO]: Connected to MongoDB
2025-03-05T06:25:16.985Z [INFO]: Server running on port 4000
2025-03-05T06:25:17.050Z [INFO]: Connected to MongoDB
2025-03-05T06:51:16.544Z [INFO]: Server running on port 4000
2025-03-05T06:51:16.602Z [INFO]: Connected to MongoDB
2025-03-05T11:29:55.174Z [INFO]: Server running on port 4000
2025-03-05T11:29:55.204Z [INFO]: Connected to MongoDB
2025-03-05T11:30:52.857Z [INFO]: Server running on port 4000
2025-03-05T11:30:52.889Z [INFO]: Connected to MongoDB
2025-03-05T11:32:52.193Z [INFO]: Server running on port 4000
2025-03-05T11:32:52.236Z [INFO]: Connected to MongoDB
2025-03-05T11:33:51.249Z [INFO]: Server running on port 4000
2025-03-05T11:33:51.321Z [INFO]: Connected to MongoDB
2025-03-05T11:35:01.107Z [INFO]: Server running on port 4000
2025-03-05T11:35:01.141Z [INFO]: Connected to MongoDB
2025-03-05T11:35:46.969Z [INFO]: Server running on port 4000
2025-03-05T11:35:47.014Z [INFO]: Connected to MongoDB
2025-03-05T11:36:30.337Z [INFO]: Connected to MongoDB
2025-03-05T11:36:36.936Z [INFO]: Server running on port 4000
2025-03-05T11:36:36.980Z [INFO]: Connected to MongoDB
2025-03-05T12:12:38.802Z [INFO]: Server running on port 4000
2025-03-05T12:12:38.836Z [INFO]: Connected to MongoDB
2025-03-05T12:24:07.824Z [INFO]: Server running on port 4000
2025-03-05T12:24:07.917Z [INFO]: Connected to MongoDB
2025-03-05T12:25:52.225Z [INFO]: Server running on port 4000
2025-03-05T12:25:52.298Z [INFO]: Connected to MongoDB
2025-03-05T12:26:56.355Z [INFO]: Server running on port 4000
2025-03-05T12:26:56.393Z [INFO]: Connected to MongoDB
2025-03-05T12:27:12.669Z [INFO]: Server running on port 4000
2025-03-05T12:27:12.702Z [INFO]: Connected to MongoDB
2025-03-05T16:22:01.953Z [INFO]: Server running on port 4000
2025-03-05T16:22:01.987Z [INFO]: Connected to MongoDB
2025-03-05T16:23:32.921Z [INFO]: Server running on port 4000
2025-03-05T16:23:32.959Z [INFO]: Connected to MongoDB
2025-03-05T16:26:50.747Z [INFO]: Server running on port 4000
2025-03-05T16:26:50.779Z [INFO]: Connected to MongoDB
2025-03-05T16:27:45.858Z [INFO]: Server running on port 4000
2025-03-05T16:27:45.892Z [INFO]: Connected to MongoDB
2025-03-05T16:33:57.399Z [INFO]: Server running on port 4000
2025-03-05T16:33:57.495Z [INFO]: Connected to MongoDB
2025-03-05T16:34:50.569Z [INFO]: Server running on port 4000
2025-03-05T16:34:50.602Z [INFO]: Connected to MongoDB
2025-03-05T16:35:18.037Z [INFO]: Server running on port 4000
2025-03-05T16:35:18.077Z [INFO]: Connected to MongoDB
2025-03-05T16:35:51.394Z [INFO]: Server running on port 4000
2025-03-05T16:35:51.430Z [INFO]: Connected to MongoDB
2025-03-06T07:40:16.446Z [INFO]: Server running on port 4000
2025-03-06T07:40:16.529Z [INFO]: Connected to MongoDB
2025-03-06T08:00:17.809Z [INFO]: Server running on port 4000
2025-03-06T08:00:17.855Z [INFO]: Connected to MongoDB
2025-03-06T13:04:54.645Z [INFO]: Server running on port 4000
2025-03-06T13:04:55.197Z [INFO]: Connected to MongoDB
2025-03-06T13:16:55.520Z [INFO]: Server running on port 4000
2025-03-06T13:16:55.612Z [INFO]: Connected to MongoDB
2025-03-06T13:17:03.337Z [INFO]: Server running on port 4000
2025-03-06T13:17:03.374Z [INFO]: Connected to MongoDB
2025-03-06T13:17:33.293Z [INFO]: Server running on port 4000
2025-03-06T13:17:33.331Z [INFO]: Connected to MongoDB
2025-03-06T13:17:41.529Z [INFO]: Server running on port 4000
2025-03-06T13:17:41.630Z [INFO]: Connected to MongoDB
2025-03-06T13:28:43.558Z [INFO]: Server running on port 4000
2025-03-06T13:28:43.593Z [INFO]: Connected to MongoDB
2025-03-06T13:28:57.017Z [INFO]: Server running on port 4000
2025-03-06T13:28:57.087Z [INFO]: Connected to MongoDB
2025-03-06T13:48:55.067Z [INFO]: Connected to MongoDB
2025-03-06T13:49:36.690Z [INFO]: Connected to MongoDB
2025-03-06T13:49:40.929Z [INFO]: Connected to MongoDB
2025-03-06T14:00:48.671Z [INFO]: Server running on port 4000
2025-03-06T14:00:48.712Z [INFO]: Connected to MongoDB
2025-03-06T14:01:27.591Z [INFO]: Connected to MongoDB
2025-03-06T14:02:32.119Z [INFO]: Connected to MongoDB
2025-03-06T14:09:50.945Z [INFO]: Server running on port 4000
2025-03-06T14:09:50.984Z [INFO]: Connected to MongoDB
2025-03-06T14:10:25.701Z [INFO]: Server running on port 4000
2025-03-06T14:10:25.747Z [INFO]: Connected to MongoDB
2025-03-06T14:11:22.071Z [INFO]: Server running on port 4000
2025-03-06T14:11:22.153Z [INFO]: Connected to MongoDB
2025-03-06T14:21:25.617Z [INFO]: Server running on port 4000
2025-03-06T14:21:25.717Z [INFO]: Connected to MongoDB
2025-03-06T14:22:09.826Z [INFO]: Server running on port 4000
2025-03-06T14:22:09.891Z [INFO]: Connected to MongoDB
2025-03-06T14:33:47.974Z [INFO]: Server running on port 4000
2025-03-06T14:33:48.046Z [INFO]: Connected to MongoDB
2025-03-06T14:34:35.464Z [INFO]: Connected to MongoDB
2025-03-06T14:34:42.375Z [INFO]: Server running on port 4000
2025-03-06T14:34:42.434Z [INFO]: Connected to MongoDB
2025-03-06T14:45:14.423Z [INFO]: Server running on port 4000
2025-03-06T14:45:14.476Z [INFO]: Connected to MongoDB
2025-03-06T14:45:50.628Z [INFO]: Server running on port 4000
2025-03-06T14:45:50.671Z [INFO]: Connected to MongoDB
2025-03-06T14:51:42.751Z [INFO]: Server running on port 4000
2025-03-06T14:51:42.797Z [INFO]: Connected to MongoDB
2025-03-06T14:52:25.068Z [INFO]: Server running on port 4000
2025-03-06T14:52:25.119Z [INFO]: Connected to MongoDB
2025-03-06T14:52:43.311Z [INFO]: Server running on port 4000
2025-03-06T14:52:43.357Z [INFO]: Connected to MongoDB
2025-03-06T14:53:53.203Z [INFO]: Server running on port 4000
2025-03-06T14:53:53.249Z [INFO]: Connected to MongoDB
2025-03-06T15:08:11.495Z [INFO]: Server running on port 4000
2025-03-06T15:08:11.535Z [INFO]: Connected to MongoDB
2025-03-06T15:10:53.579Z [INFO]: Server running on port 4000
2025-03-06T15:10:53.627Z [INFO]: Connected to MongoDB
2025-03-06T15:25:23.329Z [INFO]: Server running on port 4000
2025-03-06T15:25:23.374Z [INFO]: Connected to MongoDB
2025-03-06T15:25:29.545Z [INFO]: Server running on port 4000
2025-03-06T15:25:29.590Z [INFO]: Connected to MongoDB
2025-03-06T15:28:44.637Z [INFO]: Server running on port 4000
2025-03-06T15:28:44.678Z [INFO]: Connected to MongoDB
2025-03-06T15:29:37.232Z [ERROR]: logger is not defined logger is not defined
2025-03-06T15:29:37.236Z [ERROR]: logger is not defined logger is not defined
2025-03-06T15:29:37.340Z [ERROR]: logger is not defined logger is not defined
2025-03-06T15:29:37.343Z [ERROR]: logger is not defined logger is not defined
2025-03-06T15:29:37.361Z [ERROR]: logger is not defined logger is not defined
2025-03-06T15:29:37.367Z [ERROR]: logger is not defined logger is not defined
2025-03-06T15:30:18.623Z [ERROR]: logger is not defined logger is not defined
2025-03-06T15:35:56.564Z [ERROR]: logger is not defined logger is not defined
2025-03-06T15:35:56.570Z [ERROR]: logger is not defined logger is not defined
2025-03-06T15:35:56.749Z [ERROR]: logger is not defined logger is not defined
2025-03-06T15:35:56.753Z [ERROR]: logger is not defined logger is not defined
2025-03-06T15:35:56.822Z [ERROR]: logger is not defined logger is not defined
2025-03-06T15:35:56.848Z [ERROR]: logger is not defined logger is not defined
2025-03-06T15:38:10.996Z [ERROR]: logger is not defined logger is not defined
2025-03-06T15:38:12.365Z [ERROR]: logger is not defined logger is not defined
2025-03-06T15:38:12.503Z [ERROR]: logger is not defined logger is not defined
2025-03-06T15:38:20.994Z [ERROR]: logger is not defined logger is not defined
2025-03-06T15:38:21.012Z [ERROR]: logger is not defined logger is not defined
2025-03-06T15:38:21.254Z [ERROR]: logger is not defined logger is not defined
2025-03-06T15:38:21.277Z [ERROR]: logger is not defined logger is not defined
2025-03-06T15:38:21.284Z [ERROR]: logger is not defined logger is not defined
2025-03-06T15:38:21.310Z [ERROR]: logger is not defined logger is not defined
2025-03-06T15:46:47.940Z [ERROR]: logger is not defined logger is not defined
2025-03-06T15:46:47.948Z [ERROR]: logger is not defined logger is not defined
2025-03-06T15:46:48.109Z [ERROR]: logger is not defined logger is not defined
2025-03-06T15:46:48.112Z [ERROR]: logger is not defined logger is not defined
2025-03-06T15:46:48.136Z [ERROR]: logger is not defined logger is not defined
2025-03-06T15:46:48.139Z [ERROR]: logger is not defined logger is not defined
2025-03-06T15:46:59.996Z [ERROR]: logger is not defined logger is not defined
2025-03-06T15:52:39.673Z [INFO]: Server running on port 4000
2025-03-06T15:52:39.713Z [INFO]: Connected to MongoDB
2025-03-06T15:52:44.134Z [INFO]: Server running on port 4000
2025-03-06T15:52:44.195Z [INFO]: Connected to MongoDB
2025-03-06T15:53:13.361Z [ERROR]: logger is not defined logger is not defined
2025-03-06T15:53:13.374Z [ERROR]: logger is not defined logger is not defined
2025-03-06T15:53:13.542Z [ERROR]: logger is not defined logger is not defined
2025-03-06T15:53:13.572Z [ERROR]: logger is not defined logger is not defined
2025-03-06T15:53:13.585Z [ERROR]: logger is not defined logger is not defined
2025-03-06T15:53:13.588Z [ERROR]: logger is not defined logger is not defined
2025-03-06T15:54:33.719Z [INFO]: Server running on port 4000
2025-03-06T15:54:33.767Z [INFO]: Connected to MongoDB
2025-03-07T06:12:30.168Z [INFO]: Server running on port 4000
2025-03-07T06:12:30.236Z [INFO]: Connected to MongoDB
2025-03-07T06:13:17.947Z [ERROR]: logger is not defined logger is not defined
2025-03-07T06:13:17.950Z [ERROR]: logger is not defined logger is not defined
2025-03-07T06:13:18.146Z [ERROR]: logger is not defined logger is not defined
2025-03-07T06:13:18.156Z [ERROR]: logger is not defined logger is not defined
2025-03-07T06:13:18.201Z [ERROR]: logger is not defined logger is not defined
2025-03-07T06:13:18.227Z [ERROR]: logger is not defined logger is not defined
2025-03-07T09:22:21.725Z [INFO]: Server running on port 4000
2025-03-07T09:22:21.928Z [INFO]: Connected to MongoDB
2025-03-07T09:23:39.906Z [ERROR]: logger is not defined logger is not defined
2025-03-07T09:23:39.910Z [ERROR]: logger is not defined logger is not defined
2025-03-07T09:23:40.150Z [ERROR]: logger is not defined logger is not defined
2025-03-07T09:23:40.154Z [ERROR]: logger is not defined logger is not defined
2025-03-07T09:23:40.223Z [ERROR]: logger is not defined logger is not defined
2025-03-07T09:23:40.280Z [ERROR]: logger is not defined logger is not defined
2025-03-07T09:23:53.843Z [ERROR]: logger is not defined logger is not defined
2025-03-07T09:23:54.951Z [ERROR]: logger is not defined logger is not defined
2025-03-07T09:25:47.053Z [ERROR]: logger is not defined logger is not defined
2025-03-07T09:25:47.077Z [ERROR]: logger is not defined logger is not defined
2025-03-07T09:25:51.600Z [ERROR]: logger is not defined logger is not defined
2025-03-07T09:25:51.603Z [ERROR]: logger is not defined logger is not defined
2025-03-07T09:25:51.614Z [ERROR]: logger is not defined logger is not defined
2025-03-07T09:25:51.628Z [ERROR]: logger is not defined logger is not defined
2025-03-07T09:26:24.020Z [ERROR]: logger is not defined logger is not defined
2025-03-07T09:26:24.024Z [ERROR]: logger is not defined logger is not defined
2025-03-07T09:26:24.100Z [ERROR]: logger is not defined logger is not defined
2025-03-07T09:26:24.163Z [ERROR]: logger is not defined logger is not defined
2025-03-07T09:32:59.060Z [INFO]: Server running on port 4000
2025-03-07T09:32:59.111Z [INFO]: Connected to MongoDB
2025-03-07T09:33:33.049Z [INFO]: Server running on port 4000
2025-03-07T09:33:33.090Z [INFO]: Connected to MongoDB
2025-03-07T09:34:05.677Z [INFO]: Server running on port 4000
2025-03-07T09:34:05.713Z [INFO]: Connected to MongoDB
2025-03-07T09:36:14.898Z [INFO]: Server running on port 4000
2025-03-07T09:36:14.952Z [INFO]: Connected to MongoDB
2025-03-07T09:42:12.115Z [INFO]: Connected to MongoDB
2025-03-07T09:44:40.854Z [INFO]: Server running on port 4000
2025-03-07T09:44:40.917Z [INFO]: Connected to MongoDB
2025-03-07T09:51:44.744Z [INFO]: Connected to MongoDB
2025-03-07T09:51:52.947Z [INFO]: Connected to MongoDB
2025-03-07T09:55:27.473Z [INFO]: Connected to MongoDB
2025-03-07T09:55:49.265Z [INFO]: Connected to MongoDB
2025-03-07T09:56:00.719Z [INFO]: Connected to MongoDB
2025-03-07T09:56:52.630Z [INFO]: Connected to MongoDB
2025-03-07T09:57:05.525Z [INFO]: Connected to MongoDB
2025-03-07T09:57:13.652Z [INFO]: Connected to MongoDB
2025-03-07T09:58:12.085Z [INFO]: Server running on port 4000
2025-03-07T09:58:12.128Z [INFO]: Connected to MongoDB
2025-03-07T09:58:25.796Z [INFO]: Server running on port 4000
2025-03-07T09:58:25.875Z [INFO]: Connected to MongoDB
2025-03-07T09:58:44.719Z [ERROR]: logger is not defined logger is not defined
2025-03-07T09:58:44.729Z [ERROR]: logger is not defined logger is not defined
2025-03-07T09:58:44.890Z [ERROR]: logger is not defined logger is not defined
2025-03-07T09:58:44.910Z [ERROR]: logger is not defined logger is not defined
2025-03-07T09:58:44.928Z [ERROR]: logger is not defined logger is not defined
2025-03-07T09:58:45.045Z [ERROR]: logger is not defined logger is not defined
2025-03-07T09:59:37.495Z [INFO]: Server running on port 4000
2025-03-07T09:59:37.543Z [INFO]: Connected to MongoDB
2025-03-07T09:59:54.623Z [WARN]: Rate limit exceeded by IP: ::1
2025-03-07T09:59:54.627Z [WARN]: Rate limit exceeded by IP: ::1
2025-03-07T09:59:54.717Z [WARN]: Rate limit exceeded by IP: ::1
2025-03-07T09:59:54.721Z [WARN]: Rate limit exceeded by IP: ::1
2025-03-07T09:59:54.829Z [WARN]: Rate limit exceeded by IP: ::1
2025-03-07T09:59:54.900Z [WARN]: Rate limit exceeded by IP: ::1
2025-03-07T10:05:37.338Z [WARN]: Rate limit exceeded by IP: ::1
2025-03-07T10:05:37.362Z [WARN]: Rate limit exceeded by IP: ::1
2025-03-07T10:05:37.510Z [WARN]: Rate limit exceeded by IP: ::1
2025-03-07T10:05:37.620Z [WARN]: Rate limit exceeded by IP: ::1
2025-03-07T10:05:37.658Z [WARN]: Rate limit exceeded by IP: ::1
2025-03-07T10:05:37.692Z [WARN]: Rate limit exceeded by IP: ::1
2025-03-07T10:20:04.106Z [INFO]: Server running on port 4000
2025-03-07T10:20:09.099Z [INFO]: Server running on port 4000
2025-03-07T10:20:39.210Z [ERROR]: Could not connect to MongoDB Could not connect to any servers in your MongoDB Atlas cluster. One common reason is that you're trying to access the database from an IP that isn't whitelisted. Make sure your current IP address is on your Atlas cluster's IP whitelist: https://www.mongodb.com/docs/atlas/security-whitelist/
2025-03-07T10:21:07.419Z [INFO]: Server running on port 4000
2025-03-07T10:21:37.524Z [ERROR]: Could not connect to MongoDB Could not connect to any servers in your MongoDB Atlas cluster. One common reason is that you're trying to access the database from an IP that isn't whitelisted. Make sure your current IP address is on your Atlas cluster's IP whitelist: https://www.mongodb.com/docs/atlas/security-whitelist/
2025-03-07T12:22:19.224Z [INFO]: Server running on port 4000
2025-03-07T12:22:49.346Z [ERROR]: Could not connect to MongoDB Could not connect to any servers in your MongoDB Atlas cluster. One common reason is that you're trying to access the database from an IP that isn't whitelisted. Make sure your current IP address is on your Atlas cluster's IP whitelist: https://www.mongodb.com/docs/atlas/security-whitelist/
2025-03-08T06:29:36.927Z [INFO]: Server running on port 4000
2025-03-08T06:29:38.447Z [ERROR]: Could not connect to MongoDB bad auth : authentication failed
2025-03-08T06:40:02.245Z [INFO]: Server running on port 4000
2025-03-08T06:40:03.775Z [ERROR]: Could not connect to MongoDB bad auth : authentication failed
2025-03-08T06:40:15.664Z [INFO]: Server running on port 4000
2025-03-08T06:40:16.732Z [ERROR]: Could not connect to MongoDB bad auth : authentication failed
2025-03-08T06:41:26.169Z [INFO]: Server running on port 4000
2025-03-08T06:41:28.062Z [ERROR]: Could not connect to MongoDB bad auth : authentication failed
2025-03-08T06:41:55.820Z [INFO]: Server running on port 4000
2025-03-08T06:41:56.923Z [ERROR]: Could not connect to MongoDB bad auth : authentication failed
2025-03-08T06:42:54.500Z [ERROR]: Could not connect to MongoDB bad auth : authentication failed
2025-03-08T06:43:07.523Z [INFO]: Server running on port 4000
2025-03-08T06:43:08.511Z [ERROR]: Could not connect to MongoDB bad auth : authentication failed
2025-03-08T06:44:19.930Z [INFO]: Server running on port 4000
2025-03-08T06:44:21.523Z [ERROR]: Could not connect to MongoDB bad auth : authentication failed
2025-03-08T06:44:27.603Z [INFO]: Server running on port 4000
2025-03-08T06:44:28.887Z [ERROR]: Could not connect to MongoDB bad auth : authentication failed
2025-03-08T06:48:17.065Z [INFO]: Server running on port 4000
2025-03-08T06:48:18.694Z [ERROR]: Could not connect to MongoDB bad auth : authentication failed
2025-03-08T06:49:07.424Z [INFO]: Server running on port 4000
2025-03-08T06:49:08.366Z [ERROR]: Could not connect to MongoDB bad auth : authentication failed
2025-03-08T06:49:13.097Z [INFO]: Server running on port 4000
2025-03-08T06:49:14.101Z [ERROR]: Could not connect to MongoDB bad auth : authentication failed
2025-03-08T06:49:55.375Z [INFO]: Server running on port 4000
2025-03-08T06:49:56.996Z [ERROR]: Could not connect to MongoDB bad auth : authentication failed
2025-03-08T06:50:51.389Z [INFO]: Server running on port 4000
2025-03-08T06:50:52.383Z [ERROR]: Could not connect to MongoDB bad auth : authentication failed
2025-03-08T07:05:02.065Z [INFO]: Server running on port 4000
2025-03-08T07:05:03.550Z [ERROR]: Could not connect to MongoDB bad auth : authentication failed
2025-03-08T07:05:30.820Z [INFO]: Server running on port 4000
2025-03-08T07:05:31.702Z [ERROR]: Could not connect to MongoDB bad auth : authentication failed
2025-03-08T07:05:49.714Z [INFO]: Server running on port 4000
2025-03-08T07:05:50.648Z [ERROR]: Could not connect to MongoDB bad auth : authentication failed
2025-03-08T07:16:31.168Z [INFO]: Server running on port 4000
2025-03-08T07:16:32.679Z [ERROR]: Could not connect to MongoDB bad auth : authentication failed
2025-03-08T07:17:42.142Z [INFO]: Server running on port 4000
2025-03-08T07:17:43.521Z [ERROR]: Could not connect to MongoDB bad auth : authentication failed
2025-03-08T07:17:57.150Z [INFO]: Server running on port 4000
2025-03-08T07:17:58.538Z [ERROR]: Could not connect to MongoDB bad auth : authentication failed
2025-03-08T07:18:22.802Z [INFO]: Server running on port 4000
2025-03-08T07:18:23.711Z [ERROR]: Could not connect to MongoDB bad auth : authentication failed
2025-03-08T07:24:28.601Z [INFO]: 🚀 Server running on port 4000
2025-03-08T07:24:29.950Z [ERROR]: Could not connect to MongoDB bad auth : authentication failed
2025-03-08T07:24:49.757Z [INFO]: 🚀 Server running on port 4000
2025-03-08T07:24:50.609Z [ERROR]: Could not connect to MongoDB bad auth : authentication failed
2025-03-08T07:31:39.672Z [INFO]: 🚀 Server running on port 4000
2025-03-08T07:31:41.097Z [ERROR]: Could not connect to MongoDB bad auth : authentication failed
2025-03-08T07:32:04.467Z [INFO]: 🚀 Server running on port 4000
2025-03-08T07:32:05.420Z [ERROR]: Could not connect to MongoDB bad auth : authentication failed
2025-03-08T10:17:44.659Z [INFO]: 🚀 Server running on port 4000
2025-03-08T10:17:45.388Z [INFO]: Connected to MongoDB
2025-03-08T10:31:58.144Z [WARN]: Rate limit exceeded by IP: ::1
2025-03-08T10:31:58.148Z [WARN]: Rate limit exceeded by IP: ::1
2025-03-08T10:31:58.375Z [WARN]: Rate limit exceeded by IP: ::1
2025-03-08T10:31:58.378Z [WARN]: Rate limit exceeded by IP: ::1
2025-03-08T10:31:58.399Z [WARN]: Rate limit exceeded by IP: ::1
2025-03-08T10:31:58.410Z [WARN]: Rate limit exceeded by IP: ::1
2025-03-08T10:34:57.743Z [WARN]: Rate limit exceeded by IP: ::1
2025-03-08T10:34:57.752Z [WARN]: Rate limit exceeded by IP: ::1
2025-03-08T10:34:58.032Z [WARN]: Rate limit exceeded by IP: ::1
2025-03-08T10:34:58.060Z [WARN]: Rate limit exceeded by IP: ::1
2025-03-08T10:34:58.118Z [WARN]: Rate limit exceeded by IP: ::1
2025-03-08T10:34:58.126Z [WARN]: Rate limit exceeded by IP: ::1
2025-03-08T13:36:56.091Z [INFO]: 🚀 Server running on port 4000
2025-03-08T13:36:56.137Z [INFO]: Connected to MongoDB
2025-03-08T13:39:34.210Z [WARN]: Rate limit exceeded by IP: ::1
2025-03-08T13:39:34.215Z [WARN]: Rate limit exceeded by IP: ::1
2025-03-08T13:39:34.458Z [WARN]: Rate limit exceeded by IP: ::1
2025-03-08T13:39:34.463Z [WARN]: Rate limit exceeded by IP: ::1
2025-03-08T13:39:34.543Z [WARN]: Rate limit exceeded by IP: ::1
2025-03-08T13:39:34.603Z [WARN]: Rate limit exceeded by IP: ::1
2025-03-08T13:39:36.039Z [WARN]: Rate limit exceeded by IP: ::1
2025-03-08T13:39:36.055Z [WARN]: Rate limit exceeded by IP: ::1
2025-03-08T13:39:36.237Z [WARN]: Rate limit exceeded by IP: ::1
2025-03-08T13:39:36.308Z [WARN]: Rate limit exceeded by IP: ::1
2025-03-08T13:39:36.399Z [WARN]: Rate limit exceeded by IP: ::1
2025-03-08T13:39:36.414Z [WARN]: Rate limit exceeded by IP: ::1
2025-03-08T13:41:13.463Z [WARN]: Rate limit exceeded by IP: ::1
2025-03-08T13:41:13.468Z [WARN]: Rate limit exceeded by IP: ::1
2025-03-08T13:41:13.485Z [WARN]: Rate limit exceeded by IP: ::1
2025-03-08T13:41:13.502Z [WARN]: Rate limit exceeded by IP: ::1
2025-03-08T13:41:13.522Z [WARN]: Rate limit exceeded by IP: ::1
2025-03-08T13:41:13.555Z [WARN]: Rate limit exceeded by IP: ::1
2025-03-08T13:41:13.771Z [WARN]: Rate limit exceeded by IP: ::1
2025-03-08T13:41:13.774Z [WARN]: Rate limit exceeded by IP: ::1
2025-03-08T13:41:13.799Z [WARN]: Rate limit exceeded by IP: ::1
2025-03-08T13:41:13.803Z [WARN]: Rate limit exceeded by IP: ::1
2025-03-08T13:42:09.244Z [INFO]: 🚀 Server running on port 4000
2025-03-08T13:42:09.369Z [INFO]: Connected to MongoDB
2025-03-08T13:42:37.065Z [INFO]: 🚀 Server running on port 4000
2025-03-08T13:42:37.125Z [INFO]: Connected to MongoDB
2025-03-08T13:42:47.200Z [INFO]: 🚀 Server running on port 4000
2025-03-08T13:42:47.251Z [INFO]: Connected to MongoDB
2025-03-08T13:43:49.603Z [INFO]: 🚀 Server running on port 4000
2025-03-08T13:43:49.690Z [INFO]: Connected to MongoDB
2025-03-08T13:44:33.703Z [WARN]: Rate limit exceeded by IP: ::1
2025-03-08T13:44:33.709Z [WARN]: Rate limit exceeded by IP: ::1
2025-03-08T13:44:33.723Z [WARN]: Rate limit exceeded by IP: ::1
2025-03-08T13:44:33.753Z [WARN]: Rate limit exceeded by IP: ::1
2025-03-08T13:44:33.778Z [WARN]: Rate limit exceeded by IP: ::1
2025-03-08T13:44:33.789Z [WARN]: Rate limit exceeded by IP: ::1
2025-03-08T13:44:33.939Z [WARN]: Rate limit exceeded by IP: ::1
2025-03-08T13:44:33.988Z [WARN]: Rate limit exceeded by IP: ::1
2025-03-08T13:44:34.044Z [WARN]: Rate limit exceeded by IP: ::1
2025-03-08T13:44:34.127Z [WARN]: Rate limit exceeded by IP: ::1
2025-03-08T14:01:18.010Z [WARN]: Rate limit exceeded by IP: ::1
2025-03-08T14:01:18.026Z [WARN]: Rate limit exceeded by IP: ::1
2025-03-08T14:01:18.047Z [WARN]: Rate limit exceeded by IP: ::1
2025-03-08T14:01:18.072Z [WARN]: Rate limit exceeded by IP: ::1
2025-03-08T14:01:18.089Z [WARN]: Rate limit exceeded by IP: ::1
2025-03-08T14:01:18.105Z [WARN]: Rate limit exceeded by IP: ::1
2025-03-08T14:01:18.271Z [WARN]: Rate limit exceeded by IP: ::1
2025-03-08T14:01:18.300Z [WARN]: Rate limit exceeded by IP: ::1
2025-03-08T14:01:18.308Z [WARN]: Rate limit exceeded by IP: ::1
2025-03-08T14:01:18.329Z [WARN]: Rate limit exceeded by IP: ::1
2025-03-08T14:01:19.362Z [WARN]: Rate limit exceeded by IP: ::1
2025-03-08T14:01:19.373Z [WARN]: Rate limit exceeded by IP: ::1
2025-03-08T14:01:19.388Z [WARN]: Rate limit exceeded by IP: ::1
2025-03-08T14:01:19.392Z [WARN]: Rate limit exceeded by IP: ::1
2025-03-08T14:01:19.405Z [WARN]: Rate limit exceeded by IP: ::1
2025-03-08T14:01:19.603Z [WARN]: Rate limit exceeded by IP: ::1
2025-03-08T14:01:19.644Z [WARN]: Rate limit exceeded by IP: ::1
2025-03-08T14:01:19.707Z [WARN]: Rate limit exceeded by IP: ::1
2025-03-08T14:01:19.720Z [WARN]: Rate limit exceeded by IP: ::1
2025-03-08T14:01:19.733Z [WARN]: Rate limit exceeded by IP: ::1
2025-03-08T14:01:30.756Z [WARN]: Rate limit exceeded by IP: ::1
2025-03-08T14:01:30.764Z [WARN]: Rate limit exceeded by IP: ::1
2025-03-08T14:01:30.782Z [WARN]: Rate limit exceeded by IP: ::1
2025-03-08T14:01:30.786Z [WARN]: Rate limit exceeded by IP: ::1
2025-03-08T14:01:30.798Z [WARN]: Rate limit exceeded by IP: ::1
2025-03-08T14:01:30.809Z [WARN]: Rate limit exceeded by IP: ::1
2025-03-08T14:01:30.931Z [WARN]: Rate limit exceeded by IP: ::1
2025-03-08T14:01:30.942Z [WARN]: Rate limit exceeded by IP: ::1
2025-03-08T14:01:30.968Z [WARN]: Rate limit exceeded by IP: ::1
2025-03-08T14:01:30.970Z [WARN]: Rate limit exceeded by IP: ::1
2025-03-08T14:12:05.926Z [WARN]: Rate limit exceeded by IP: ::1
2025-03-08T14:12:05.934Z [WARN]: Rate limit exceeded by IP: ::1
2025-03-08T14:12:05.955Z [WARN]: Rate limit exceeded by IP: ::1
2025-03-08T14:12:05.968Z [WARN]: Rate limit exceeded by IP: ::1
2025-03-08T14:12:05.982Z [WARN]: Rate limit exceeded by IP: ::1
2025-03-08T14:12:06.004Z [WARN]: Rate limit exceeded by IP: ::1
2025-03-08T14:12:06.109Z [WARN]: Rate limit exceeded by IP: ::1
2025-03-08T14:12:06.113Z [WARN]: Rate limit exceeded by IP: ::1
2025-03-08T14:12:06.127Z [WARN]: Rate limit exceeded by IP: ::1
2025-03-08T14:12:06.132Z [WARN]: Rate limit exceeded by IP: ::1
2025-03-08T14:14:31.643Z [WARN]: Rate limit exceeded by IP: ::1
2025-03-08T14:14:31.691Z [WARN]: Rate limit exceeded by IP: ::1
2025-03-08T14:14:31.777Z [WARN]: Rate limit exceeded by IP: ::1
2025-03-08T14:14:31.784Z [WARN]: Rate limit exceeded by IP: ::1
2025-03-08T14:14:31.911Z [WARN]: Rate limit exceeded by IP: ::1
2025-03-08T14:14:31.921Z [WARN]: Rate limit exceeded by IP: ::1
2025-03-08T14:14:32.169Z [WARN]: Rate limit exceeded by IP: ::1
2025-03-08T14:14:32.171Z [WARN]: Rate limit exceeded by IP: ::1
2025-03-08T14:14:32.189Z [WARN]: Rate limit exceeded by IP: ::1
2025-03-08T14:14:32.199Z [WARN]: Rate limit exceeded by IP: ::1
2025-03-08T14:17:25.404Z [WARN]: Rate limit exceeded by IP: ::1
2025-03-08T14:17:25.410Z [WARN]: Rate limit exceeded by IP: ::1
2025-03-08T14:17:25.424Z [WARN]: Rate limit exceeded by IP: ::1
2025-03-08T14:17:25.430Z [WARN]: Rate limit exceeded by IP: ::1
2025-03-08T14:17:25.434Z [WARN]: Rate limit exceeded by IP: ::1
2025-03-08T14:17:25.437Z [WARN]: Rate limit exceeded by IP: ::1
2025-03-08T14:17:25.482Z [WARN]: Rate limit exceeded by IP: ::1
2025-03-08T14:17:25.484Z [WARN]: Rate limit exceeded by IP: ::1
2025-03-08T14:17:25.494Z [WARN]: Rate limit exceeded by IP: ::1
2025-03-08T14:17:25.496Z [WARN]: Rate limit exceeded by IP: ::1
2025-03-08T14:30:20.613Z [WARN]: Rate limit exceeded by IP: ::1
2025-03-08T14:30:20.635Z [WARN]: Rate limit exceeded by IP: ::1
2025-03-08T14:30:20.638Z [WARN]: Rate limit exceeded by IP: ::1
2025-03-08T14:30:20.646Z [WARN]: Rate limit exceeded by IP: ::1
2025-03-08T14:30:20.652Z [WARN]: Rate limit exceeded by IP: ::1
2025-03-08T14:30:20.655Z [WARN]: Rate limit exceeded by IP: ::1
2025-03-08T14:30:20.975Z [WARN]: Rate limit exceeded by IP: ::1
2025-03-08T14:30:21.015Z [WARN]: Rate limit exceeded by IP: ::1
2025-03-08T14:30:21.047Z [WARN]: Rate limit exceeded by IP: ::1
2025-03-08T14:30:21.050Z [WARN]: Rate limit exceeded by IP: ::1
2025-03-08T14:34:25.291Z [WARN]: Rate limit exceeded by IP: ::1
2025-03-08T14:34:25.297Z [WARN]: Rate limit exceeded by IP: ::1
2025-03-08T14:34:25.305Z [WARN]: Rate limit exceeded by IP: ::1
2025-03-08T14:34:25.311Z [WARN]: Rate limit exceeded by IP: ::1
2025-03-08T14:34:25.314Z [WARN]: Rate limit exceeded by IP: ::1
2025-03-08T14:34:25.319Z [WARN]: Rate limit exceeded by IP: ::1
2025-03-08T14:34:25.403Z [WARN]: Rate limit exceeded by IP: ::1
2025-03-08T14:34:25.405Z [WARN]: Rate limit exceeded by IP: ::1
2025-03-08T14:34:25.420Z [WARN]: Rate limit exceeded by IP: ::1
2025-03-08T14:34:25.423Z [WARN]: Rate limit exceeded by IP: ::1
2025-03-08T14:35:11.111Z [WARN]: Rate limit exceeded by IP: ::1
2025-03-08T14:35:11.115Z [WARN]: Rate limit exceeded by IP: ::1
2025-03-08T14:35:11.136Z [WARN]: Rate limit exceeded by IP: ::1
2025-03-08T14:35:11.149Z [WARN]: Rate limit exceeded by IP: ::1
2025-03-08T14:35:11.181Z [WARN]: Rate limit exceeded by IP: ::1
2025-03-08T14:35:11.213Z [WARN]: Rate limit exceeded by IP: ::1
2025-03-08T14:35:11.352Z [WARN]: Rate limit exceeded by IP: ::1
2025-03-08T14:35:11.357Z [WARN]: Rate limit exceeded by IP: ::1
2025-03-08T14:35:11.377Z [WARN]: Rate limit exceeded by IP: ::1
2025-03-08T14:35:11.379Z [WARN]: Rate limit exceeded by IP: ::1
2025-03-08T15:05:07.076Z [WARN]: Rate limit exceeded by IP: ::1
2025-03-08T15:05:07.084Z [WARN]: Rate limit exceeded by IP: ::1
2025-03-08T15:05:07.096Z [WARN]: Rate limit exceeded by IP: ::1
2025-03-08T15:05:07.097Z [WARN]: Rate limit exceeded by IP: ::1
2025-03-08T15:05:07.101Z [WARN]: Rate limit exceeded by IP: ::1
2025-03-08T15:05:07.104Z [WARN]: Rate limit exceeded by IP: ::1
2025-03-08T15:05:07.207Z [WARN]: Rate limit exceeded by IP: ::1
2025-03-08T15:05:07.217Z [WARN]: Rate limit exceeded by IP: ::1
2025-03-08T15:05:07.220Z [WARN]: Rate limit exceeded by IP: ::1
2025-03-08T15:05:07.225Z [WARN]: Rate limit exceeded by IP: ::1
2025-03-08T15:20:30.774Z [INFO]: 🚀 Server running on port 4000
2025-03-08T15:21:00.902Z [ERROR]: Could not connect to MongoDB Could not connect to any servers in your MongoDB Atlas cluster. One common reason is that you're trying to access the database from an IP that isn't whitelisted. Make sure your current IP address is on your Atlas cluster's IP whitelist: https://www.mongodb.com/docs/atlas/security-whitelist/
2025-03-08T15:21:04.063Z [INFO]: 🚀 Server running on port 4000
2025-03-08T15:21:34.075Z [INFO]: 🚀 Server running on port 4000
2025-03-08T15:22:06.386Z [ERROR]: Could not connect to MongoDB Could not connect to any servers in your MongoDB Atlas cluster. One common reason is that you're trying to access the database from an IP that isn't whitelisted. Make sure your current IP address is on your Atlas cluster's IP whitelist: https://www.mongodb.com/docs/atlas/security-whitelist/
